09:55:41,835 F: (ErlangCore.java:77) : Starting CORE Thread[Worker-4,5,main]
09:55:41,843 I: (ErlangCoreLogger.java:43) : *** starting Erlide v0.21.0.201303251033 (core=0.20.1.201303251033) *** (UTF-8) 
09:55:41,857 F: (ErlangCore.java:94) : Started CORE
09:55:41,982 F: (ErlangHostnameRetriever.java:96) : ?> {error_logger,{{2013,5,22},{9,55,41}},"Can't set long node name!\nPlease check your configuration\n",[]}
09:55:41,983 F: (ErlangHostnameRetriever.java:96) : ?> {error_logger,{{2013,5,22},{9,55,41}},crash_report,[[{initial_call,{net_kernel,init,['Argument__1']}},{pid,<0.20.0>},{registered_name,[]},{error_info,{exit,{error,badarg},[{gen_server,init_it,6},{proc_lib,init_p_do_apply,3}]}},{ancestors,[net_sup,kernel_sup,<0.9.0>]},{messages,[]},{links,[<0.17.0>]},{dictionary,[{longnames,true}]},{trap_exit,true},{status,running},{heap_size,1597},{stack_size,24},{reductions,961}],[]]}
09:55:41,984 F: (ErlangHostnameRetriever.java:96) : ?> {error_logger,{{2013,5,22},{9,55,41}},supervisor_report,[{supervisor,{local,net_sup}},{errorContext,start_error},{reason,{'EXIT',nodistribution}},{offender,[{pid,undefined},{name,net_kernel},{mfargs,{net_kernel,start_link,[[foo1369209341906,longnames]]}},{restart_type,permanent},{shutdown,2000},{child_type,worker}]}]}
09:55:41,985 F: (ErlangHostnameRetriever.java:96) : ?> {error_logger,{{2013,5,22},{9,55,41}},supervisor_report,[{supervisor,{local,kernel_sup}},{errorContext,start_error},{reason,shutdown},{offender,[{pid,undefined},{name,net_sup},{mfargs,{erl_distribution,start_link,[]}},{restart_type,permanent},{shutdown,infinity},{child_type,supervisor}]}]}
09:55:41,986 F: (ErlangHostnameRetriever.java:96) : ?> {error_logger,{{2013,5,22},{9,55,41}},std_info,[{application,kernel},{exited,{shutdown,{kernel,start,[normal,[]]}}},{type,permanent}]}
09:55:42,489 F: (ErlangHostnameRetriever.java:96) : ?> {"Kernel pid terminated",application_controller,"{application_start_failure,kernel,{shutdown,{kernel,start,[normal,[]]}}}"}
09:55:42,705 F: (ErlangHostnameRetriever.java:36) : Test long hostname: null
09:55:42,706 W: (ErlangHostnameRetriever.java:42) : Can't use null as long name
09:55:42,793 F: (ErlangHostnameRetriever.java:96) : ?> {error_logger,{{2013,5,22},{9,55,42}},"Can't set long node name!\nPlease check your configuration\n",[]}
09:55:42,794 F: (ErlangHostnameRetriever.java:96) : ?> {error_logger,{{2013,5,22},{9,55,42}},crash_report,[[{initial_call,{net_kernel,init,['Argument__1']}},{pid,<0.20.0>},{registered_name,[]},{error_info,{exit,{error,badarg},[{gen_server,init_it,6},{proc_lib,init_p_do_apply,3}]}},{ancestors,[net_sup,kernel_sup,<0.9.0>]},{messages,[]},{links,[<0.17.0>]},{dictionary,[{longnames,true}]},{trap_exit,true},{status,running},{heap_size,1597},{stack_size,24},{reductions,961}],[]]}
09:55:42,795 F: (ErlangHostnameRetriever.java:96) : ?> {error_logger,{{2013,5,22},{9,55,42}},supervisor_report,[{supervisor,{local,net_sup}},{errorContext,start_error},{reason,{'EXIT',nodistribution}},{offender,[{pid,undefined},{name,net_kernel},{mfargs,{net_kernel,start_link,[[foo1369209342706,longnames]]}},{restart_type,permanent},{shutdown,2000},{child_type,worker}]}]}
09:55:42,796 F: (ErlangHostnameRetriever.java:96) : ?> {error_logger,{{2013,5,22},{9,55,42}},supervisor_report,[{supervisor,{local,kernel_sup}},{errorContext,start_error},{reason,shutdown},{offender,[{pid,undefined},{name,net_sup},{mfargs,{erl_distribution,start_link,[]}},{restart_type,permanent},{shutdown,infinity},{child_type,supervisor}]}]}
09:55:42,796 F: (ErlangHostnameRetriever.java:96) : ?> {error_logger,{{2013,5,22},{9,55,42}},std_info,[{application,kernel},{exited,{shutdown,{kernel,start,[normal,[]]}}},{type,permanent}]}
09:55:43,301 F: (ErlangHostnameRetriever.java:96) : ?> {"Kernel pid terminated",application_controller,"{application_start_failure,kernel,{shutdown,{kernel,start,[normal,[]]}}}"}
09:55:43,518 F: (ErlangHostnameRetriever.java:36) : Test long hostname: ubuntu
09:55:43,537 F: (ErlangHostnameRetriever.java:65) : Ping: foo1369209342706@ubuntu
09:55:44,545 W: (ErlangHostnameRetriever.java:42) : Can't use ubuntu as long name
09:55:44,752 F: (ErlangHostnameRetriever.java:96) : ?> Eshell V5.8.5  (abort with ^G)
09:55:44,754 F: (ErlangHostnameRetriever.java:104) : >> (foo1369209344545@ubuntu)1>
09:55:44,755 F: (ErlangHostnameRetriever.java:36) : Test short hostname: ubuntu
09:55:44,757 F: (ErlangHostnameRetriever.java:65) : Ping: foo1369209344545@ubuntu
09:55:44,772 F: (ErlangHostnameRetriever.java:40) : OK
09:55:44,869 F: (ErlangHostnameRetriever.java:96) : ?> {error_logger,{{2013,5,22},{9,55,44}},"Can't set long node name!\nPlease check your configuration\n",[]}
09:55:44,870 F: (ErlangHostnameRetriever.java:96) : ?> {error_logger,{{2013,5,22},{9,55,44}},crash_report,[[{initial_call,{net_kernel,init,['Argument__1']}},{pid,<0.20.0>},{registered_name,[]},{error_info,{exit,{error,badarg},[{gen_server,init_it,6},{proc_lib,init_p_do_apply,3}]}},{ancestors,[net_sup,kernel_sup,<0.9.0>]},{messages,[]},{links,[<0.17.0>]},{dictionary,[{longnames,true}]},{trap_exit,true},{status,running},{heap_size,1597},{stack_size,24},{reductions,961}],[]]}
09:55:44,871 F: (ErlangHostnameRetriever.java:96) : ?> {error_logger,{{2013,5,22},{9,55,44}},supervisor_report,[{supervisor,{local,net_sup}},{errorContext,start_error},{reason,{'EXIT',nodistribution}},{offender,[{pid,undefined},{name,net_kernel},{mfargs,{net_kernel,start_link,[[foo1369209344776,longnames]]}},{restart_type,permanent},{shutdown,2000},{child_type,worker}]}]}
09:55:44,872 F: (ErlangHostnameRetriever.java:96) : ?> {error_logger,{{2013,5,22},{9,55,44}},supervisor_report,[{supervisor,{local,kernel_sup}},{errorContext,start_error},{reason,shutdown},{offender,[{pid,undefined},{name,net_sup},{mfargs,{erl_distribution,start_link,[]}},{restart_type,permanent},{shutdown,infinity},{child_type,supervisor}]}]}
09:55:44,872 F: (ErlangHostnameRetriever.java:96) : ?> {error_logger,{{2013,5,22},{9,55,44}},std_info,[{application,kernel},{exited,{shutdown,{kernel,start,[normal,[]]}}},{type,permanent}]}
09:55:45,376 F: (ErlangHostnameRetriever.java:96) : ?> {"Kernel pid terminated",application_controller,"{application_start_failure,kernel,{shutdown,{kernel,start,[normal,[]]}}}"}
09:55:45,586 F: (ErlangHostnameRetriever.java:36) : Test long hostname: null
09:55:45,587 W: (ErlangHostnameRetriever.java:42) : Can't use null as long name
09:55:45,686 F: (ErlangHostnameRetriever.java:96) : ?> {error_logger,{{2013,5,22},{9,55,45}},"Can't set long node name!\nPlease check your configuration\n",[]}
09:55:45,687 F: (ErlangHostnameRetriever.java:96) : ?> {error_logger,{{2013,5,22},{9,55,45}},crash_report,[[{initial_call,{net_kernel,init,['Argument__1']}},{pid,<0.20.0>},{registered_name,[]},{error_info,{exit,{error,badarg},[{gen_server,init_it,6},{proc_lib,init_p_do_apply,3}]}},{ancestors,[net_sup,kernel_sup,<0.9.0>]},{messages,[]},{links,[<0.17.0>]},{dictionary,[{longnames,true}]},{trap_exit,true},{status,running},{heap_size,1597},{stack_size,24},{reductions,961}],[]]}
09:55:45,687 F: (ErlangHostnameRetriever.java:96) : ?> {error_logger,{{2013,5,22},{9,55,45}},supervisor_report,[{supervisor,{local,net_sup}},{errorContext,start_error},{reason,{'EXIT',nodistribution}},{offender,[{pid,undefined},{name,net_kernel},{mfargs,{net_kernel,start_link,[[foo1369209345587,longnames]]}},{restart_type,permanent},{shutdown,2000},{child_type,worker}]}]}
09:55:45,688 F: (ErlangHostnameRetriever.java:96) : ?> {error_logger,{{2013,5,22},{9,55,45}},supervisor_report,[{supervisor,{local,kernel_sup}},{errorContext,start_error},{reason,shutdown},{offender,[{pid,undefined},{name,net_sup},{mfargs,{erl_distribution,start_link,[]}},{restart_type,permanent},{shutdown,infinity},{child_type,supervisor}]}]}
09:55:45,688 F: (ErlangHostnameRetriever.java:96) : ?> {error_logger,{{2013,5,22},{9,55,45}},std_info,[{application,kernel},{exited,{shutdown,{kernel,start,[normal,[]]}}},{type,permanent}]}
09:55:46,195 F: (ErlangHostnameRetriever.java:96) : ?> {"Kernel pid terminated",application_controller,"{application_start_failure,kernel,{shutdown,{kernel,start,[normal,[]]}}}"}
09:55:46,413 F: (ErlangHostnameRetriever.java:36) : Test long hostname: ubuntu
09:55:46,416 F: (ErlangHostnameRetriever.java:65) : Ping: foo1369209345587@ubuntu
09:55:47,420 W: (ErlangHostnameRetriever.java:42) : Can't use ubuntu as long name
09:55:47,655 F: (ErlangHostnameRetriever.java:96) : ?> Eshell V5.8.5  (abort with ^G)
09:55:47,656 F: (ErlangHostnameRetriever.java:104) : >> (foo1369209347421@ubuntu)1>
09:55:47,657 F: (ErlangHostnameRetriever.java:36) : Test short hostname: ubuntu
09:55:47,660 F: (ErlangHostnameRetriever.java:65) : Ping: foo1369209347421@ubuntu
09:55:47,667 F: (ErlangHostnameRetriever.java:40) : OK
09:55:47,747 F: (ErlangHostnameRetriever.java:96) : ?> {error_logger,{{2013,5,22},{9,55,47}},"Can't set long node name!\nPlease check your configuration\n",[]}
09:55:47,748 F: (ErlangHostnameRetriever.java:96) : ?> {error_logger,{{2013,5,22},{9,55,47}},crash_report,[[{initial_call,{net_kernel,init,['Argument__1']}},{pid,<0.20.0>},{registered_name,[]},{error_info,{exit,{error,badarg},[{gen_server,init_it,6},{proc_lib,init_p_do_apply,3}]}},{ancestors,[net_sup,kernel_sup,<0.9.0>]},{messages,[]},{links,[<0.17.0>]},{dictionary,[{longnames,true}]},{trap_exit,true},{status,running},{heap_size,1597},{stack_size,24},{reductions,961}],[]]}
09:55:47,748 F: (ErlangHostnameRetriever.java:96) : ?> {error_logger,{{2013,5,22},{9,55,47}},supervisor_report,[{supervisor,{local,net_sup}},{errorContext,start_error},{reason,{'EXIT',nodistribution}},{offender,[{pid,undefined},{name,net_kernel},{mfargs,{net_kernel,start_link,[[foo1369209347668,longnames]]}},{restart_type,permanent},{shutdown,2000},{child_type,worker}]}]}
09:55:47,749 F: (ErlangHostnameRetriever.java:96) : ?> {error_logger,{{2013,5,22},{9,55,47}},supervisor_report,[{supervisor,{local,kernel_sup}},{errorContext,start_error},{reason,shutdown},{offender,[{pid,undefined},{name,net_sup},{mfargs,{erl_distribution,start_link,[]}},{restart_type,permanent},{shutdown,infinity},{child_type,supervisor}]}]}
09:55:47,749 F: (ErlangHostnameRetriever.java:96) : ?> {error_logger,{{2013,5,22},{9,55,47}},std_info,[{application,kernel},{exited,{shutdown,{kernel,start,[normal,[]]}}},{type,permanent}]}
09:55:48,255 F: (ErlangHostnameRetriever.java:96) : ?> {"Kernel pid terminated",application_controller,"{application_start_failure,kernel,{shutdown,{kernel,start,[normal,[]]}}}"}
09:55:48,465 F: (ErlangHostnameRetriever.java:36) : Test long hostname: null
09:55:48,465 W: (ErlangHostnameRetriever.java:42) : Can't use null as long name
09:55:48,552 F: (ErlangHostnameRetriever.java:96) : ?> {error_logger,{{2013,5,22},{9,55,48}},"Can't set long node name!\nPlease check your configuration\n",[]}
09:55:48,553 F: (ErlangHostnameRetriever.java:96) : ?> {error_logger,{{2013,5,22},{9,55,48}},crash_report,[[{initial_call,{net_kernel,init,['Argument__1']}},{pid,<0.20.0>},{registered_name,[]},{error_info,{exit,{error,badarg},[{gen_server,init_it,6},{proc_lib,init_p_do_apply,3}]}},{ancestors,[net_sup,kernel_sup,<0.9.0>]},{messages,[]},{links,[<0.17.0>]},{dictionary,[{longnames,true}]},{trap_exit,true},{status,running},{heap_size,1597},{stack_size,24},{reductions,961}],[]]}
09:55:48,553 F: (ErlangHostnameRetriever.java:96) : ?> {error_logger,{{2013,5,22},{9,55,48}},supervisor_report,[{supervisor,{local,net_sup}},{errorContext,start_error},{reason,{'EXIT',nodistribution}},{offender,[{pid,undefined},{name,net_kernel},{mfargs,{net_kernel,start_link,[[foo1369209348465,longnames]]}},{restart_type,permanent},{shutdown,2000},{child_type,worker}]}]}
09:55:48,553 F: (ErlangHostnameRetriever.java:96) : ?> {error_logger,{{2013,5,22},{9,55,48}},supervisor_report,[{supervisor,{local,kernel_sup}},{errorContext,start_error},{reason,shutdown},{offender,[{pid,undefined},{name,net_sup},{mfargs,{erl_distribution,start_link,[]}},{restart_type,permanent},{shutdown,infinity},{child_type,supervisor}]}]}
09:55:48,554 F: (ErlangHostnameRetriever.java:96) : ?> {error_logger,{{2013,5,22},{9,55,48}},std_info,[{application,kernel},{exited,{shutdown,{kernel,start,[normal,[]]}}},{type,permanent}]}
09:55:49,059 F: (ErlangHostnameRetriever.java:96) : ?> {"Kernel pid terminated",application_controller,"{application_start_failure,kernel,{shutdown,{kernel,start,[normal,[]]}}}"}
09:55:49,270 F: (ErlangHostnameRetriever.java:36) : Test long hostname: ubuntu
09:55:49,272 F: (ErlangHostnameRetriever.java:65) : Ping: foo1369209348465@ubuntu
09:55:50,274 W: (ErlangHostnameRetriever.java:42) : Can't use ubuntu as long name
09:55:50,512 F: (ErlangHostnameRetriever.java:96) : ?> Eshell V5.8.5  (abort with ^G)
09:55:50,513 F: (ErlangHostnameRetriever.java:104) : >> (foo1369209350275@ubuntu)1>
09:55:50,514 F: (ErlangHostnameRetriever.java:36) : Test short hostname: ubuntu
09:55:50,515 F: (ErlangHostnameRetriever.java:65) : Ping: foo1369209350275@ubuntu
09:55:50,521 F: (ErlangHostnameRetriever.java:40) : OK
